<?xml version="1.0" encoding="UTF-8"?>
<testng-results ignored="0" total="16" passed="16" failed="0" skipped="0">
  <reporter-output>
  </reporter-output>
  <suite started-at="2023-01-06T22:52:09 EET" name="Surefire suite" finished-at="2023-01-06T22:57:22 EET" duration-ms="312812">
    <groups>
      <group name="cucumber">
        <method signature="AbstractTestNGCucumberTests.runScenario(io.cucumber.testng.PickleWrapper,io.cucumber.testng.FeatureWrapper)[pri:0, instance:Runners.TestRunner@48e4374]" name="runScenario" class="io.cucumber.testng.AbstractTestNGCucumberTests"/>
      </group> <!-- cucumber -->
    </groups>
    <test started-at="2023-01-06T22:52:09 EET" name="Surefire test" finished-at="2023-01-06T22:57:22 EET" duration-ms="312812">
      <class name="Runners.TestRunner">
        <test-method is-config="true" signature="setUpClass(org.testng.ITestContext)[pri:0, instance:Runners.TestRunner@48e4374]" started-at="2023-01-06T22:52:09 EET" name="setUpClass" finished-at="2023-01-06T22:52:10 EET" duration-ms="1498" status="PASS">
          <params>
            <param index="0">
              <value>
                <![CDATA[org.testng.TestRunner@2b4ba2d9]]>
              </value>
            </param>
          </params>
          <reporter-output>
          </reporter-output>
        </test-method> <!-- setUpClass -->
        <test-method signature="runScenario(io.cucumber.testng.PickleWrapper,io.cucumber.testng.FeatureWrapper)[pri:0, instance:Runners.TestRunner@48e4374]" started-at="2023-01-06T22:52:11 EET" name="runScenario" description="Runs Cucumber Scenarios" data-provider="scenarios" finished-at="2023-01-06T22:52:27 EET" duration-ms="16547" status="PASS">
          <params>
            <param index="0">
              <value>
                <![CDATA["user could register with only valid required data successfully"]]>
              </value>
            </param>
            <param index="1">
              <value>
                <![CDATA["User Registration"]]>
              </value>
            </param>
          </params>
          <reporter-output>
          </reporter-output>
        </test-method> <!-- runScenario -->
        <test-method signature="runScenario(io.cucumber.testng.PickleWrapper,io.cucumber.testng.FeatureWrapper)[pri:0, instance:Runners.TestRunner@48e4374]" started-at="2023-01-06T22:52:27 EET" name="runScenario" description="Runs Cucumber Scenarios" data-provider="scenarios" finished-at="2023-01-06T22:52:47 EET" duration-ms="19695" status="PASS">
          <params>
            <param index="0">
              <value>
                <![CDATA["user could register with valid required and optional data successfully"]]>
              </value>
            </param>
            <param index="1">
              <value>
                <![CDATA["User Registration"]]>
              </value>
            </param>
          </params>
          <reporter-output>
          </reporter-output>
        </test-method> <!-- runScenario -->
        <test-method signature="runScenario(io.cucumber.testng.PickleWrapper,io.cucumber.testng.FeatureWrapper)[pri:0, instance:Runners.TestRunner@48e4374]" started-at="2023-01-06T22:52:47 EET" name="runScenario" description="Runs Cucumber Scenarios" data-provider="scenarios" finished-at="2023-01-06T22:52:57 EET" duration-ms="9841" status="PASS">
          <params>
            <param index="0">
              <value>
                <![CDATA["user could login with valid email and password"]]>
              </value>
            </param>
            <param index="1">
              <value>
                <![CDATA["user could use login functionality to open his account"]]>
              </value>
            </param>
          </params>
          <reporter-output>
          </reporter-output>
        </test-method> <!-- runScenario -->
        <test-method signature="runScenario(io.cucumber.testng.PickleWrapper,io.cucumber.testng.FeatureWrapper)[pri:0, instance:Runners.TestRunner@48e4374]" started-at="2023-01-06T22:52:57 EET" name="runScenario" description="Runs Cucumber Scenarios" data-provider="scenarios" finished-at="2023-01-06T22:53:07 EET" duration-ms="10362" status="PASS">
          <params>
            <param index="0">
              <value>
                <![CDATA["user is able to reset his account password"]]>
              </value>
            </param>
            <param index="1">
              <value>
                <![CDATA["user is able to reset his account password"]]>
              </value>
            </param>
          </params>
          <reporter-output>
          </reporter-output>
        </test-method> <!-- runScenario -->
        <test-method signature="runScenario(io.cucumber.testng.PickleWrapper,io.cucumber.testng.FeatureWrapper)[pri:0, instance:Runners.TestRunner@48e4374]" started-at="2023-01-06T22:53:07 EET" name="runScenario" description="Runs Cucumber Scenarios" data-provider="scenarios" finished-at="2023-01-06T22:53:21 EET" duration-ms="14309" status="PASS">
          <params>
            <param index="0">
              <value>
                <![CDATA["user could search for any product"]]>
              </value>
            </param>
            <param index="1">
              <value>
                <![CDATA["user will be able to search for products"]]>
              </value>
            </param>
          </params>
          <reporter-output>
          </reporter-output>
        </test-method> <!-- runScenario -->
        <test-method signature="runScenario(io.cucumber.testng.PickleWrapper,io.cucumber.testng.FeatureWrapper)[pri:0, instance:Runners.TestRunner@48e4374]" started-at="2023-01-06T22:53:21 EET" name="runScenario" description="Runs Cucumber Scenarios" data-provider="scenarios" finished-at="2023-01-06T22:53:40 EET" duration-ms="18751" status="PASS">
          <params>
            <param index="0">
              <value>
                <![CDATA["user could search for Tshirt product"]]>
              </value>
            </param>
            <param index="1">
              <value>
                <![CDATA["user will be able to search for products"]]>
              </value>
            </param>
          </params>
          <reporter-output>
          </reporter-output>
        </test-method> <!-- runScenario -->
        <test-method signature="runScenario(io.cucumber.testng.PickleWrapper,io.cucumber.testng.FeatureWrapper)[pri:0, instance:Runners.TestRunner@48e4374]" started-at="2023-01-06T22:53:40 EET" name="runScenario" description="Runs Cucumber Scenarios" data-provider="scenarios" finished-at="2023-01-06T22:53:49 EET" duration-ms="9481" status="PASS">
          <params>
            <param index="0">
              <value>
                <![CDATA["user make sure about the default currency"]]>
              </value>
            </param>
            <param index="1">
              <value>
                <![CDATA["user could switch between the available currencies"]]>
              </value>
            </param>
          </params>
          <reporter-output>
          </reporter-output>
        </test-method> <!-- runScenario -->
        <test-method signature="runScenario(io.cucumber.testng.PickleWrapper,io.cucumber.testng.FeatureWrapper)[pri:0, instance:Runners.TestRunner@48e4374]" started-at="2023-01-06T22:53:50 EET" name="runScenario" description="Runs Cucumber Scenarios" data-provider="scenarios" finished-at="2023-01-06T22:54:01 EET" duration-ms="11010" status="PASS">
          <params>
            <param index="0">
              <value>
                <![CDATA["user could select any option from currency dropdown"]]>
              </value>
            </param>
            <param index="1">
              <value>
                <![CDATA["user could switch between the available currencies"]]>
              </value>
            </param>
          </params>
          <reporter-output>
          </reporter-output>
        </test-method> <!-- runScenario -->
        <test-method signature="runScenario(io.cucumber.testng.PickleWrapper,io.cucumber.testng.FeatureWrapper)[pri:0, instance:Runners.TestRunner@48e4374]" started-at="2023-01-06T22:54:01 EET" name="runScenario" description="Runs Cucumber Scenarios" data-provider="scenarios" finished-at="2023-01-06T22:54:14 EET" duration-ms="13355" status="PASS">
          <params>
            <param index="0">
              <value>
                <![CDATA["logged user could hover on Apparel option and select clothes category"]]>
              </value>
            </param>
            <param index="1">
              <value>
                <![CDATA["user could hover on any option and select different categories"]]>
              </value>
            </param>
          </params>
          <reporter-output>
          </reporter-output>
        </test-method> <!-- runScenario -->
        <test-method signature="runScenario(io.cucumber.testng.PickleWrapper,io.cucumber.testng.FeatureWrapper)[pri:0, instance:Runners.TestRunner@48e4374]" started-at="2023-01-06T22:54:14 EET" name="runScenario" description="Runs Cucumber Scenarios" data-provider="scenarios" finished-at="2023-01-06T22:54:27 EET" duration-ms="13318" status="PASS">
          <params>
            <param index="0">
              <value>
                <![CDATA["logged user could hover on Apparel option and select clothes category"]]>
              </value>
            </param>
            <param index="1">
              <value>
                <![CDATA["Logged user could filter with color"]]>
              </value>
            </param>
          </params>
          <reporter-output>
          </reporter-output>
        </test-method> <!-- runScenario -->
        <test-method signature="runScenario(io.cucumber.testng.PickleWrapper,io.cucumber.testng.FeatureWrapper)[pri:0, instance:Runners.TestRunner@48e4374]" started-at="2023-01-06T22:54:27 EET" name="runScenario" description="Runs Cucumber Scenarios" data-provider="scenarios" finished-at="2023-01-06T22:54:40 EET" duration-ms="12690" status="PASS">
          <params>
            <param index="0">
              <value>
                <![CDATA["Logged user could filter the content with different tags"]]>
              </value>
            </param>
            <param index="1">
              <value>
                <![CDATA["Logged user could select different tags"]]>
              </value>
            </param>
          </params>
          <reporter-output>
          </reporter-output>
        </test-method> <!-- runScenario -->
        <test-method signature="runScenario(io.cucumber.testng.PickleWrapper,io.cucumber.testng.FeatureWrapper)[pri:0, instance:Runners.TestRunner@48e4374]" started-at="2023-01-06T22:54:40 EET" name="runScenario" description="Runs Cucumber Scenarios" data-provider="scenarios" finished-at="2023-01-06T22:54:54 EET" duration-ms="14573" status="PASS">
          <params>
            <param index="0">
              <value>
                <![CDATA["products will added to shopping cart when user click on add to shopping cart from home page"]]>
              </value>
            </param>
            <param index="1">
              <value>
                <![CDATA["Logged user could add different products to Shopping cart"]]>
              </value>
            </param>
          </params>
          <reporter-output>
          </reporter-output>
        </test-method> <!-- runScenario -->
        <test-method signature="runScenario(io.cucumber.testng.PickleWrapper,io.cucumber.testng.FeatureWrapper)[pri:0, instance:Runners.TestRunner@48e4374]" started-at="2023-01-06T22:54:54 EET" name="runScenario" description="Runs Cucumber Scenarios" data-provider="scenarios" finished-at="2023-01-06T22:55:15 EET" duration-ms="20417" status="PASS">
          <params>
            <param index="0">
              <value>
                <![CDATA["products will added to shopping cart when user click on add to shopping cart from detailed page"]]>
              </value>
            </param>
            <param index="1">
              <value>
                <![CDATA["Logged user could add different products to Shopping cart"]]>
              </value>
            </param>
          </params>
          <reporter-output>
          </reporter-output>
        </test-method> <!-- runScenario -->
        <test-method signature="runScenario(io.cucumber.testng.PickleWrapper,io.cucumber.testng.FeatureWrapper)[pri:0, instance:Runners.TestRunner@48e4374]" started-at="2023-01-06T22:55:15 EET" name="runScenario" description="Runs Cucumber Scenarios" data-provider="scenarios" finished-at="2023-01-06T22:55:39 EET" duration-ms="23842" status="PASS">
          <params>
            <param index="0">
              <value>
                <![CDATA["products will added to wishlist when user click on add to wishlist from detailed page"]]>
              </value>
            </param>
            <param index="1">
              <value>
                <![CDATA["logged user could add products to wishlist"]]>
              </value>
            </param>
          </params>
          <reporter-output>
          </reporter-output>
        </test-method> <!-- runScenario -->
        <test-method signature="runScenario(io.cucumber.testng.PickleWrapper,io.cucumber.testng.FeatureWrapper)[pri:0, instance:Runners.TestRunner@48e4374]" started-at="2023-01-06T22:55:39 EET" name="runScenario" description="Runs Cucumber Scenarios" data-provider="scenarios" finished-at="2023-01-06T22:56:21 EET" duration-ms="42022" status="PASS">
          <params>
            <param index="0">
              <value>
                <![CDATA["products will added to compare list when user click on add to compare list from detailed page"]]>
              </value>
            </param>
            <param index="1">
              <value>
                <![CDATA["Logged user could add different products to compare list"]]>
              </value>
            </param>
          </params>
          <reporter-output>
          </reporter-output>
        </test-method> <!-- runScenario -->
        <test-method signature="runScenario(io.cucumber.testng.PickleWrapper,io.cucumber.testng.FeatureWrapper)[pri:0, instance:Runners.TestRunner@48e4374]" started-at="2023-01-06T22:56:21 EET" name="runScenario" description="Runs Cucumber Scenarios" data-provider="scenarios" finished-at="2023-01-06T22:57:07 EET" duration-ms="46211" status="PASS">
          <params>
            <param index="0">
              <value>
                <![CDATA["user could checkout his order when he fill all required data"]]>
              </value>
            </param>
            <param index="1">
              <value>
                <![CDATA["Create successful Order"]]>
              </value>
            </param>
          </params>
          <reporter-output>
          </reporter-output>
        </test-method> <!-- runScenario -->
        <test-method is-config="true" signature="tearDownClass()[pri:0, instance:Runners.TestRunner@48e4374]" started-at="2023-01-06T22:57:07 EET" name="tearDownClass" finished-at="2023-01-06T22:57:22 EET" duration-ms="14778" status="PASS">
          <reporter-output>
          </reporter-output>
        </test-method> <!-- tearDownClass -->
      </class> <!-- Runners.TestRunner -->
    </test> <!-- Surefire test -->
  </suite> <!-- Surefire suite -->
</testng-results>
